Build started 5/30/2013 8:14:17 PM.
     1>Project "C:\Users\Michael\Desktop\Git\Group\Olympus\Olympus\Olympus.vcxproj" on node 2 (build target(s)).
     1>InitializeBuildStatus:
         Creating "Release\Olympus.unsuccessfulbuild" because "AlwaysCreate" was specified.
       ClCompile:
         D:\Programs\Microsoft Visual Studio 10.0\VC\bin\CL.exe /c /Zi /nologo /W3 /WX- /Od /Oy- /D _MBCS /D _MBCS /Gm /EHsc /RTC1 /MT /GS /fp:precise /Zc:wchar_t /Zc:forScope /Fo"Release\\" /Fd"Release\vc100.pdb" /Gd /TP /analyze- /errorReport:prompt RenderManager.cpp /DNDEBUG 
         RenderManager.cpp
         IMPORTANT NOTE: The FBX SDK API changed substantially. Please define FBXSDK_NEW_API in your project and fix compilation errors as instructed in fbxsdk_compatibility.h.
     1>RenderManager.cpp(264): warning C4018: '<' : signed/unsigned mismatch
     1>RenderManager.cpp(281): warning C4018: '<' : signed/unsigned mismatch
     1>RenderManager.cpp(300): warning C4018: '<' : signed/unsigned mismatch
     1>RenderManager.cpp(478): warning C4018: '<' : signed/unsigned mismatch
     1>RenderManager.cpp(488): warning C4018: '<' : signed/unsigned mismatch
     1>RenderManager.cpp(601): warning C4482: nonstandard extension used: enum 'CurrentScene' used in qualified name
     1>RenderManager.cpp(625): warning C4482: nonstandard extension used: enum 'CurrentScene' used in qualified name
     1>RenderManager.cpp(656): warning C4018: '<' : signed/unsigned mismatch
     1>RenderManager.cpp(657): warning C4018: '<' : signed/unsigned mismatch
     1>RenderManager.cpp(670): warning C4482: nonstandard extension used: enum 'CurrentScene' used in qualified name
     1>RenderManager.cpp(670): warning C4482: nonstandard extension used: enum 'CurrentScene' used in qualified name
     1>RenderManager.cpp(677): warning C4482: nonstandard extension used: enum 'CurrentScene' used in qualified name
     1>RenderManager.cpp(774): warning C4018: '<' : signed/unsigned mismatch
     1>RenderManager.cpp(781): warning C4482: nonstandard extension used: enum 'CurrentScene' used in qualified name
     1>RenderManager.cpp(797): warning C4018: '<' : signed/unsigned mismatch
     1>RenderManager.cpp(801): warning C4018: '<' : signed/unsigned mismatch
     1>RenderManager.cpp(820): warning C4018: '<' : signed/unsigned mismatch
       ResourceCompile:
         All outputs are up-to-date.
       Link:
         D:\Programs\Microsoft Visual Studio 10.0\VC\bin\link.exe /ERRORREPORT:PROMPT /OUT:"C:\Users\Michael\Desktop\Git\Group\Olympus\Release\Olympus.exe" /NOLOGO d3d11.lib d3dx11.lib d3dx10.lib XInput.lib gdiplus.lib "fbxsdk-2013.3.lib" kernel32.lib user32.lib gdi32.lib winspool.lib comdlg32.lib advapi32.lib shell32.lib ole32.lib oleaut32.lib uuid.lib odbc32.lib odbccp32.lib kernel32.lib user32.lib gdi32.lib winspool.lib comdlg32.lib advapi32.lib shell32.lib ole32.lib oleaut32.lib uuid.lib odbc32.lib odbccp32.lib /MANIFEST /ManifestFile:"Release\Olympus.exe.intermediate.manifest" /MANIFESTUAC:"level='asInvoker' uiAccess='false'" /PDB:"C:\Users\Michael\Desktop\Git\Group\Olympus\Release\Olympus.pdb" /TLBID:1 /DYNAMICBASE /NXCOMPAT /IMPLIB:"C:\Users\Michael\Desktop\Git\Group\Olympus\Release\Olympus.lib" /MACHINE:X86 Release\OlympusIcon.res
         Release\apex.obj
         Release\ApexCloth.obj
         Release\ApexDestructable.obj
         Release\ApexParticles.obj
         Release\AssetManager.obj
         Release\Box.obj
         Release\Camera.obj
         Release\CharacterController.obj
         Release\FontSheet.obj
         Release\GameTimer.obj
         Release\GeometryGenerator.obj
         Release\GroundPlane.obj
         Release\Heightfield.obj
         Release\importer.obj
         Release\Main.obj
         Release\MathHelper.obj
         Release\Object.obj
         Release\OnScreen.obj
         Release\PhysXHeightField.obj
         Release\Projectile.obj
         Release\RenderManager.obj
         Release\Scene.obj
         Release\ScreenQuad.obj
         Release\ShadowManager.obj
         Release\SkyBox.obj
         Release\Sphere.obj
         Release\System.obj
         Release\ZeusRenderResources.obj
         Release\ZeusRenderResourceManager.obj
         Release\ZeusResourceCallback.obj
         Olympus.vcxproj -> C:\Users\Michael\Desktop\Git\Group\Olympus\Release\Olympus.exe
       Manifest:
         C:\Program Files (x86)\Microsoft SDKs\Windows\v7.0A\bin\mt.exe /nologo /verbose /outputresource:"C:\Users\Michael\Desktop\Git\Group\Olympus\Release\Olympus.exe;#1" /manifest Release\Olympus.exe.intermediate.manifest
       FinalizeBuildStatus:
         Deleting file "Release\Olympus.unsuccessfulbuild".
         Touching "Release\Olympus.lastbuildstate".
     1>Done Building Project "C:\Users\Michael\Desktop\Git\Group\Olympus\Olympus\Olympus.vcxproj" (build target(s)).

Build succeeded.

Time Elapsed 00:00:03.30
